Build started 12/15/2015 1:29:12 PM.
     1>Project "C:\Users\patrick\Clanguage\GetDirectory\GetDirectory\GetDirectory.vcxproj" on node 2 (build target(s)).
     1>InitializeBuildStatus:
         Creating "Debug\GetDirectory.unsuccessfulbuild" because "AlwaysCreate" was specified.
       ClCompile:
         All outputs are up-to-date.
         c:\Program Files (x86)\Microsoft Visual Studio 10.0\VC\bin\CL.exe /c /ZI /nologo /W3 /WX- /Od /Oy- /D WIN32 /D _DEBUG /D _CONSOLE /D _UNICODE /D UNICODE /Gm /EHsc /RTC1 /MDd /GS /fp:precise /Zc:wchar_t /Zc:forScope /Yu"StdAfx.h" /Fp"Debug\GetDirectory.pch" /Fo"Debug\\" /Fd"Debug\vc100.pdb" /Gd /TP /analyze- /errorReport:prompt GetDirectory.cpp
         GetDirectory.cpp
     1>c:\users\patrick\clanguage\getdirectory\getdirectory\getdirectory.cpp(69): warning C4101: 'workingDirectory' : unreferenced local variable
     1>c:\users\patrick\clanguage\getdirectory\getdirectory\getdirectory.cpp(166): warning C4996: 'strncpy': This function or variable may be unsafe. Consider using strncpy_s instead. To disable deprecation, use _CRT_SECURE_NO_WARNINGS. See online help for details.
                 c:\program files (x86)\microsoft visual studio 10.0\vc\include\string.h(188) : see declaration of 'strncpy'
       ManifestResourceCompile:
         All outputs are up-to-date.
       Link:
         c:\Program Files (x86)\Microsoft Visual Studio 10.0\VC\bin\link.exe /ERRORREPORT:PROMPT /OUT:"C:\Users\patrick\Clanguage\GetDirectory\Debug\GetDirectory.exe" /INCREMENTAL /NOLOGO kernel32.lib user32.lib gdi32.lib winspool.lib comdlg32.lib advapi32.lib shell32.lib ole32.lib oleaut32.lib uuid.lib odbc32.lib odbccp32.lib /MANIFEST /ManifestFile:"Debug\GetDirectory.exe.intermediate.manifest" /MANIFESTUAC:"level='asInvoker' uiAccess='false'" /DEBUG /PDB:"C:\Users\patrick\Clanguage\GetDirectory\Debug\GetDirectory.pdb" /SUBSYSTEM:CONSOLE /TLBID:1 /DYNAMICBASE /NXCOMPAT /IMPLIB:"C:\Users\patrick\Clanguage\GetDirectory\Debug\GetDirectory.lib" /MACHINE:X86 Debug\GetDirectory.exe.embed.manifest.res
         Debug\GetDirectory.obj
         Debug\stdafx.obj
       Manifest:
         C:\Program Files (x86)\Microsoft SDKs\Windows\v7.0A\bin\mt.exe /nologo /verbose /out:"Debug\GetDirectory.exe.embed.manifest" /manifest Debug\GetDirectory.exe.intermediate.manifest
         All outputs are up-to-date.
       LinkEmbedManifest:
         All outputs are up-to-date.
         GetDirectory.vcxproj -> C:\Users\patrick\Clanguage\GetDirectory\Debug\GetDirectory.exe
       FinalizeBuildStatus:
         Deleting file "Debug\GetDirectory.unsuccessfulbuild".
         Touching "Debug\GetDirectory.lastbuildstate".
     1>Done Building Project "C:\Users\patrick\Clanguage\GetDirectory\GetDirectory\GetDirectory.vcxproj" (build target(s)).

Build succeeded.

Time Elapsed 00:00:01.37
